SF:lib\utills\platform_wrapper.dart
DA:19,2
DA:21,2
LF:2
LH:2
end_of_record
SF:lib\src\cupertino_swipe_refresh.dart
DA:30,3
DA:45,3
DA:59,3
DA:61,3
DA:62,3
DA:70,3
DA:72,3
DA:74,3
DA:80,3
DA:81,6
DA:82,3
DA:83,6
DA:85,6
DA:89,3
DA:90,3
DA:91,3
DA:94,6
DA:95,6
DA:96,6
DA:98,3
DA:99,6
DA:100,6
DA:101,6
DA:102,6
DA:103,3
DA:105,6
DA:106,6
DA:113,1
DA:119,1
DA:120,1
DA:121,2
DA:122,1
DA:133,3
DA:138,3
DA:140,3
DA:142,3
DA:143,1
DA:144,1
DA:145,1
DA:146,1
DA:147,1
DA:148,1
DA:153,3
DA:154,3
DA:155,2
DA:156,2
LF:46
LH:46
end_of_record
SF:lib\src\swipe_refresh_base.dart
DA:33,4
DA:45,2
DA:47,4
DA:69,4
DA:71,4
DA:73,8
DA:74,6
DA:77,20
DA:80,4
DA:83,22
DA:86,4
DA:88,8
DA:90,4
DA:103,2
DA:105,2
DA:106,4
DA:107,4
DA:108,4
DA:111,2
DA:112,4
DA:113,2
DA:114,2
DA:115,2
DA:117,4
LF:24
LH:24
end_of_record
SF:lib\src\swipe_refresh_state.dart
DA:16,4
LF:1
LH:1
end_of_record
SF:lib\src\material_swipe_refresh.dart
DA:27,2
DA:42,2
DA:56,2
DA:57,2
DA:62,2
DA:68,2
DA:71,4
DA:72,4
DA:73,4
DA:74,2
DA:75,4
DA:76,4
DA:77,6
DA:78,6
DA:79,4
DA:83,1
DA:84,2
DA:85,2
DA:86,2
DA:87,2
DA:88,2
DA:90,3
DA:95,1
DA:97,1
DA:98,1
DA:99,2
DA:100,1
LF:27
LH:27
end_of_record
SF:lib\src\swipe_refresh.dart
DA:49,4
DA:75,2
DA:76,4
DA:79,1
DA:97,1
DA:119,1
DA:133,1
DA:151,1
DA:166,1
DA:187,1
DA:206,1
DA:222,1
DA:230,4
DA:232,4
DA:233,4
DA:234,1
DA:235,1
DA:236,1
DA:237,1
DA:238,1
DA:239,1
DA:240,1
DA:241,1
DA:242,1
DA:243,1
DA:244,1
DA:245,1
DA:246,1
DA:247,1
DA:249,3
DA:250,1
DA:251,1
DA:252,1
DA:253,1
DA:254,1
DA:255,1
DA:256,1
DA:257,1
DA:258,1
DA:259,1
DA:260,1
DA:261,1
DA:262,1
DA:263,1
DA:265,2
DA:266,2
DA:267,4
DA:268,1
DA:269,1
DA:270,1
DA:271,1
DA:272,1
DA:273,1
DA:274,1
DA:275,1
DA:276,1
DA:277,1
DA:278,1
DA:279,1
DA:280,1
DA:281,1
DA:283,4
DA:284,2
DA:285,2
DA:286,2
DA:287,2
DA:288,2
DA:289,2
DA:290,2
DA:291,2
DA:292,2
DA:293,2
DA:294,2
DA:295,2
DA:296,2
DA:297,2
DA:302,1
LF:77
LH:77
end_of_record
SF:lib\src\swipe_refresh_style.dart
DA:16,4
LF:1
LH:1
end_of_record
